<?xml version="1.0" encoding="UTF-8" ?>
<testsuite tests="4" failures="0" name="co.unicauca.tallerpolimorfismo.modelo.ViajeTest" time="0.049" errors="0" skipped="0">
  <properties>
[...]
</properties>
  <testcase classname="co.unicauca.tallerpolimorfismo.modelo.ViajeTest" name="testViajeIncentivo" time="0.047"/>
  <testcase classname="co.unicauca.tallerpolimorfismo.modelo.ViajeTest" name="testViajeTodoIncluido" time="0"/>
  <testcase classname="co.unicauca.tallerpolimorfismo.modelo.ViajeTest" name="testViajeIndividual" time="0"/>
  <testcase classname="co.unicauca.tallerpolimorfismo.modelo.ViajeTest" name="testViajeFamiliar" time="0.002"/>
</testsuite>